<?xml version="1.0" encoding="UTF-8"?>
<!-- Generated by org.testng.reporters.JUnitReportReporter -->
<testsuite skipped="0" hostname="IN5CG9292KLF" name="TestNGTu.DemoClass6" tests="4" failures="0" timestamp="2019-11-05T15:16:51 IST" time="0.005" errors="0">
  <testcase name="NamasakarTest2" time="0.002" classname="TestNGTu.DemoClass6"/>
  <testcase name="NamasakarTest4" time="0.001" classname="TestNGTu.DemoClass6"/>
  <testcase name="NamasakarTest3" time="0.001" classname="TestNGTu.DemoClass6"/>
  <testcase name="NamasakarTest1" time="0.001" classname="TestNGTu.DemoClass6"/>
</testsuite> <!-- TestNGTu.DemoClass6 -->
