<?xml version="1.0" encoding="UTF-8"?>
<!-- Generated by org.testng.reporters.JUnitReportReporter -->
<testsuite skipped="0" hostname="IN5CG9292KLF" name="TestNGTu.ValueProviderTest" tests="4" failures="0" timestamp="2019-10-13T17:05:49 IST" time="0.023" errors="0">
  <testcase name="userPwdTest0" time="0.002" classname="TestNGTu.ValueProviderTest"/>
  <testcase name="userPwdTest0" time="0.002" classname="TestNGTu.ValueProviderTest"/>
  <testcase name="BenagluruTest" time="0.017" classname="TestNGTu.ValueProviderTest"/>
  <testcase name="userPwdTest0" time="0.002" classname="TestNGTu.ValueProviderTest"/>
</testsuite> <!-- TestNGTu.ValueProviderTest -->
