<?xml version="1.0" encoding="UTF-8"?>
<!-- Generated by org.testng.reporters.JUnitReportReporter -->
<testsuite skipped="0" hostname="IN5CG9292KLF" name="TestNGTu.demoClass" tests="2" failures="0" timestamp="2019-10-11T21:01:25 IST" time="0.018" errors="0">
  <testcase name="demoTestngtwo" time="0.002" classname="TestNGTu.demoClass"/>
  <testcase name="demoTestngOne" time="0.016" classname="TestNGTu.demoClass"/>
</testsuite> <!-- TestNGTu.demoClass -->
