<?xml version="1.0" encoding="UTF-8"?>
<!-- Generated by org.testng.reporters.JUnitReportReporter -->
<testsuite skipped="0" hostname="IN5CG9292KLF" name="TestNGTu.DemoClass2" tests="1" failures="0" timestamp="2019-10-13T18:25:28 IST" time="0.024" errors="0">
  <testcase name="demoTestngThree" time="0.024" classname="TestNGTu.DemoClass2"/>
</testsuite> <!-- TestNGTu.DemoClass2 -->
