<?xml version="1.0" encoding="UTF-8"?>
<!-- Generated by org.testng.reporters.JUnitReportReporter -->
<testsuite skipped="0" hostname="IN5CG9292KLF" name="TestNGTu.DemoClass1" tests="2" failures="0" timestamp="2019-10-13T18:25:28 IST" time="0.031" errors="0">
  <testcase name="demoTestngOne" time="0.023" classname="TestNGTu.DemoClass1"/>
  <testcase name="demoTestngtwo" time="0.008" classname="TestNGTu.DemoClass1"/>
</testsuite> <!-- TestNGTu.DemoClass1 -->
