<?xml version="1.0" encoding="UTF-8"?>
<!-- Generated by org.testng.reporters.JUnitReportReporter -->
<testsuite skipped="0" hostname="IN5CG9292KLF" name="TestNGTu.DemoClass3" tests="3" failures="0" timestamp="2019-10-13T18:25:28 IST" time="0.031" errors="0">
  <testcase name="mobileSignOutHomeLoan" time="0.010" classname="TestNGTu.DemoClass3"/>
  <testcase name="mobileHomeLoan" time="0.015" classname="TestNGTu.DemoClass3"/>
  <testcase name="mobileSignInHomeLoan" time="0.006" classname="TestNGTu.DemoClass3"/>
</testsuite> <!-- TestNGTu.DemoClass3 -->
