<?xml version="1.0" encoding="UTF-8"?>
<!-- Generated by org.testng.reporters.JUnitReportReporter -->
<testsuite skipped="0" hostname="IN5CG9292KLF" name="TestNGTu.DemoClass4" tests="2" failures="0" timestamp="2019-10-13T18:25:28 IST" time="0.004" errors="0">
  <testcase name="APICarLoan" time="0.002" classname="TestNGTu.DemoClass4"/>
  <testcase name="webCarLoan" time="0.002" classname="TestNGTu.DemoClass4"/>
</testsuite> <!-- TestNGTu.DemoClass4 -->
