<?xml version="1.0" encoding="UTF-8"?>
<!-- Generated by org.testng.reporters.JUnitReportReporter -->
<testsuite skipped="0" hostname="IN5CG9292KLF" name="ExtentReport.ExtentReporting.ExtentReportExample" tests="1" failures="0" timestamp="2020-10-12T12:41:25 IST" time="9.717" errors="0">
  <testcase name="initialDemo" time="9.717" classname="ExtentReport.ExtentReporting.ExtentReportExample"/>
</testsuite> <!-- ExtentReport.ExtentReporting.ExtentReportExample -->
